#
# A fatal error has been detected by the Java Runtime Environment:
#
#  EXCEPTION_ACCESS_VIOLATION (0xc0000005) at pc=0x00000000027e3f7d, pid=5140, tid=3916
#
# JRE version: Java(TM) SE Runtime Environment (8.0_66-b17) (build 1.8.0_66-b17)
# Java VM: Java HotSpot(TM) 64-Bit Server VM (25.66-b17 mixed mode windows-amd64 compressed oops)
# Problematic frame:
# J 30 C1 java.lang.AbstractStringBuilder.append(Ljava/lang/String;)Ljava/lang/AbstractStringBuilder; (50 bytes) @ 0x00000000027e3f7d [0x00000000027e3ee0+0x9d]
#
# Failed to write core dump. Minidumps are not enabled by default on client versions of Windows
#
# If you would like to submit a bug report, please visit:
#   http://bugreport.java.com/bugreport/crash.jsp
#

---------------  T H R E A D  ---------------

Current thread (0x00000000025ce800):  JavaThread "main" [_thread_in_Java, id=3916, stack(0x0000000002450000,0x0000000002550000)]

siginfo: ExceptionCode=0xc0000005, reading address 0x0000004900000000

Registers:
RAX=0x0000000014327838, RBX=0x00000000000000b5, RCX=0x00000000eb7420f0, RDX=0x00000000eb7420f0
RSP=0x000000000254f630, RBP=0x000000000254f750, RSI=0x000000001449d8b8, RDI=0x0000000000000108
R8 =0x0000004900000000, R9 =0x00000000025c8f10, R10=0x000000006d5f2140, R11=0x00000000027e5820
R12=0x0000000000000000, R13=0x000000000254f6f8, R14=0x000000000254f770, R15=0x00000000025ce800
RIP=0x00000000027e3f7d, EFLAGS=0x0000000000010206

Top of Stack: (sp=0x000000000254f630)
0x000000000254f630:   00000000025ce800 00000000027e5884
0x000000000254f640:   000000000254f640 0000000014327838
0x000000000254f650:   00000000025ce800 00000000143e90c8
0x000000000254f660:   00000000eb7420f0 00000000146b0790
0x000000000254f670:   00000000025ce800 00000000eb7420f0
0x000000000254f680:   000000000254f6e0 00000000025ce800
0x000000000254f690:   000000000254f770 00000000146b0753
0x000000000254f6a0:   000000000254f750 00000000027e5884
0x000000000254f6b0:   0000000000000011 00000000000000b6
0x000000000254f6c0:   000000000254f750 00000000026f13cc
0x000000000254f6d0:   00000000eb7420f0 00000000000000b6
0x000000000254f6e0:   000000000254f750 00000000026d7a70
0x000000000254f6f0:   00000000026d7a70 0000004900000000
0x000000000254f700:   00000000eb7420f0 00000000eb614c98
0x000000000254f710:   000000000254f710 00000000146b0753
0x000000000254f720:   000000000254f770 00000000146b07e8 

Instructions: (pc=0x00000000027e3f7d)
0x00000000027e3f5d:   0a 00 00 00 48 bf 18 01 00 00 00 00 00 00 48 8b
0x00000000027e3f6d:   1c 3e 48 8d 5b 01 48 89 1c 3e 0f 84 e5 02 00 00
0x00000000027e3f7d:   49 3b 00 49 8b f0 48 bf b8 d8 49 14 00 00 00 00
0x00000000027e3f8d:   8b 76 08 48 c1 e6 03 48 3b b7 40 01 00 00 75 0d 


Register to memory mapping:

RAX={method} {0x0000000014327840} 'append' '(Ljava/lang/String;)Ljava/lang/StringBuilder;' in 'java/lang/StringBuilder'
RBX=0x00000000000000b5 is an unknown value
RCX=0x00000000eb7420f0 is an oop
java.lang.StringBuilder 
 - klass: 'java/lang/StringBuilder'
RDX=0x00000000eb7420f0 is an oop
java.lang.StringBuilder 
 - klass: 'java/lang/StringBuilder'
RSP=0x000000000254f630 is pointing into the stack for thread: 0x00000000025ce800
RBP=0x000000000254f750 is pointing into the stack for thread: 0x00000000025ce800
RSI=0x000000001449d8b8 is pointing into metadata
RDI=0x0000000000000108 is an unknown value
R8 =0x0000004900000000 is an unknown value
R9 =0x00000000025c8f10 is an unknown value
R10=0x000000006d5f2140 is an unknown value
R11=0x00000000027e5820 is at entry_point+32 in (nmethod*)0x00000000027e5690
R12=0x0000000000000000 is an unknown value
R13=0x000000000254f6f8 is pointing into the stack for thread: 0x00000000025ce800
R14=0x000000000254f770 is pointing into the stack for thread: 0x00000000025ce800
R15=0x00000000025ce800 is a thread


Stack: [0x0000000002450000,0x0000000002550000],  sp=0x000000000254f630,  free space=1021k
Native frames: (J=compiled Java code, j=interpreted, Vv=VM code, C=native code)
C  0x00000000027e3f7d


---------------  P R O C E S S  ---------------

Java Threads: ( => current thread )
  0x00000000165a8800 JavaThread "Service Thread" daemon [_thread_blocked, id=8328, stack(0x0000000016980000,0x0000000016a80000)]
  0x0000000014c5b800 JavaThread "C1 CompilerThread2" daemon [_thread_blocked, id=9944, stack(0x0000000016480000,0x0000000016580000)]
  0x0000000014c58800 JavaThread "C2 CompilerThread1" daemon [_thread_blocked, id=4048, stack(0x0000000016380000,0x0000000016480000)]
  0x0000000014c4e800 JavaThread "C2 CompilerThread0" daemon [_thread_blocked, id=5956, stack(0x0000000016280000,0x0000000016380000)]
  0x0000000014c4d000 JavaThread "Attach Listener" daemon [_thread_blocked, id=8620, stack(0x0000000016180000,0x0000000016280000)]
  0x0000000014c4c000 JavaThread "Signal Dispatcher" daemon [_thread_blocked, id=8916, stack(0x0000000016080000,0x0000000016180000)]
  0x00000000026c9000 JavaThread "Finalizer" daemon [_thread_blocked, id=4412, stack(0x0000000015ea0000,0x0000000015fa0000)]
  0x00000000026bf000 JavaThread "Reference Handler" daemon [_thread_blocked, id=9948, stack(0x0000000015da0000,0x0000000015ea0000)]
=>0x00000000025ce800 JavaThread "main" [_thread_in_Java, id=3916, stack(0x0000000002450000,0x0000000002550000)]

Other Threads:
  0x0000000014c15800 VMThread [stack: 0x0000000015ca0000,0x0000000015da0000] [id=8896]
  0x00000000165d9000 WatcherThread [stack: 0x0000000016a80000,0x0000000016b80000] [id=9028]

VM state:not at safepoint (normal execution)

VM Mutex/Monitor currently owned by a thread: None

Heap:
 PSYoungGen      total 18432K, used 1587K [0x00000000eb600000, 0x00000000eca80000, 0x0000000100000000)
  eden space 15872K, 10% used [0x00000000eb600000,0x00000000eb78cf20,0x00000000ec580000)
  from space 2560K, 0% used [0x00000000ec800000,0x00000000ec800000,0x00000000eca80000)
  to   space 2560K, 0% used [0x00000000ec580000,0x00000000ec580000,0x00000000ec800000)
 ParOldGen       total 42496K, used 0K [0x00000000c2200000, 0x00000000c4b80000, 0x00000000eb600000)
  object space 42496K, 0% used [0x00000000c2200000,0x00000000c2200000,0x00000000c4b80000)
 Metaspace       used 2590K, capacity 4486K, committed 4864K, reserved 1056768K
  class space    used 281K, capacity 386K, committed 512K, reserved 1048576K

Card table byte_map: [0x0000000011a90000,0x0000000011c80000] byte_map_base: 0x000000001147f000

Marking Bits: (ParMarkBitMap*) 0x000000006d60a5b0
 Begin Bits: [0x00000000121d0000, 0x0000000013148000)
 End Bits:   [0x0000000013148000, 0x00000000140c0000)

Polling page: 0x0000000000af0000

CodeCache: size=245760Kb used=1115Kb max_used=1115Kb free=244644Kb
 bounds [0x00000000026d0000, 0x0000000002940000, 0x00000000116d0000]
 total_blobs=265 nmethods=34 adapters=145
 compilation: enabled

Compilation events (10 events):
Event: 0.652 Thread 0x0000000014c5b800   30       3       java.lang.AbstractStringBuilder::append (50 bytes)
Event: 0.654 Thread 0x0000000014c5b800 nmethod 30 0x00000000027e3d50 code [0x00000000027e3ee0, 0x00000000027e43e8]
Event: 0.664 Thread 0x0000000014c5b800   31       3       java.lang.String::equals (81 bytes)
Event: 0.665 Thread 0x0000000014c5b800 nmethod 31 0x00000000027e4dd0 code [0x00000000027e4f60, 0x00000000027e54b0]
Event: 0.674 Thread 0x0000000014c5b800   32       3       java.lang.StringBuilder::append (8 bytes)
Event: 0.675 Thread 0x0000000014c5b800 nmethod 32 0x00000000027e5690 code [0x00000000027e5800, 0x00000000027e5988]
Event: 0.680 Thread 0x0000000014c5b800   33       3       java.io.WinNTFileSystem::normalize (143 bytes)
Event: 0.682 Thread 0x0000000014c5b800 nmethod 33 0x00000000027e5a10 code [0x00000000027e5c00, 0x00000000027e6428]
Event: 0.682 Thread 0x0000000014c5b800   34       3       java.lang.String::substring (79 bytes)
Event: 0.684 Thread 0x0000000014c5b800 nmethod 34 0x00000000027e67d0 code [0x00000000027e6980, 0x00000000027e6e18]

GC Heap History (0 events):
No events

Deoptimization events (0 events):
No events

Internal exceptions (2 events):
Event: 0.424 Thread 0x00000000025ce800 Exception <a 'java/lang/NoSuchMethodError': Method sun.misc.Unsafe.defineClass(Ljava/lang/String;[BII)Ljava/lang/Class; name or signature does not match> (0x00000000eb60f978) thrown at [C:\re\workspace\8-2-build-windows-amd64-cygwin\jdk8u66\4988\hotspot\srüázÎí+Û?
Event: 0.425 Thread 0x00000000025ce800 Exception <a 'java/lang/NoSuchMethodError': Method sun.misc.Unsafe.prefetchRead(Ljava/lang/Object;J)V name or signature does not match> (0x00000000eb60fc60) thrown at [C:\re\workspace\8-2-build-windows-amd64-cygwin\jdk8u66\4988\hotspot\src\share\vm\prims\j

Events (10 events):
Event: 0.673 loading class java/security/BasicPermissionCollection
Event: 0.674 loading class java/security/BasicPermissionCollection done
Event: 0.675 loading class sun/launcher/LauncherHelper$FXHelper
Event: 0.676 loading class sun/launcher/LauncherHelper$FXHelper done
Event: 0.676 loading class java/lang/Class$MethodArray
Event: 0.676 loading class java/lang/Class$MethodArray done
Event: 0.677 loading class java/lang/Void
Event: 0.677 loading class java/lang/Void done
Event: 0.678 loading class java/lang/ClassLoaderHelper
Event: 0.678 loading class java/lang/ClassLoaderHelper done


Dynamic libraries:
0x00007ff7f8e70000 - 0x00007ff7f8ea7000 	D:\MyEclipse 2016\binary\com.sun.java.jdk8.win32.x86_64_1.8.0.u66\bin\javaw.exe
0x00007ffc9ad20000 - 0x00007ffc9aecd000 	C:\Windows\SYSTEM32\ntdll.dll
0x00007ffc983a0000 - 0x00007ffc984de000 	C:\Windows\system32\KERNEL32.DLL
0x00007ffc97f70000 - 0x00007ffc98085000 	C:\Windows\system32\KERNELBASE.dll
0x00007ffc96860000 - 0x00007ffc968ee000 	C:\Windows\system32\apphelp.dll
0x00007ffc7b4b0000 - 0x00007ffc7b503000 	C:\Windows\AppPatch\AppPatch64\AcGenral.DLL
0x00007ffc986b0000 - 0x00007ffc9875a000 	C:\Windows\system32\msvcrt.dll
0x00007ffc98370000 - 0x00007ffc9839e000 	C:\Windows\system32\SspiCli.dll
0x00007ffc98a20000 - 0x00007ffc98a74000 	C:\Windows\system32\SHLWAPI.dll
0x00007ffc98a80000 - 0x00007ffc98bf7000 	C:\Windows\system32\USER32.dll
0x00007ffc98880000 - 0x00007ffc98a14000 	C:\Windows\system32\ole32.dll
0x00007ffc98c00000 - 0x00007ffc9a128000 	C:\Windows\system32\SHELL32.dll
0x00007ffc97600000 - 0x00007ffc97621000 	C:\Windows\SYSTEM32\USERENV.dll
0x00007ffc987c0000 - 0x00007ffc9886a000 	C:\Windows\system32\ADVAPI32.dll
0x00007ffc82db0000 - 0x00007ffc82dce000 	C:\Windows\SYSTEM32\MPR.dll
0x00007ffc9aa50000 - 0x00007ffc9ab90000 	C:\Windows\system32\RPCRT4.dll
0x00007ffc98760000 - 0x00007ffc987b9000 	C:\Windows\SYSTEM32\sechost.dll
0x00007ffc9a830000 - 0x00007ffc9aa41000 	C:\Windows\SYSTEM32\combase.dll
0x00007ffc98560000 - 0x00007ffc986af000 	C:\Windows\system32\GDI32.dll
0x00007ffc97e40000 - 0x00007ffc97e55000 	C:\Windows\SYSTEM32\profapi.dll
0x00007ffc95660000 - 0x00007ffc95712000 	C:\Windows\SYSTEM32\SHCORE.dll
0x00007ffc9ab90000 - 0x00007ffc9abc6000 	C:\Windows\system32\IMM32.DLL
0x00007ffc9a390000 - 0x00007ffc9a4e2000 	C:\Windows\system32\MSCTF.dll
0x00007ffc94eb0000 - 0x00007ffc9512b000 	C:\Windows\WinSxS\amd64_microsoft.windows.common-controls_6595b64144ccf1df_6.0.9600.18006_none_623f33d3ecbe86e8\COMCTL32.dll
0x000000006d690000 - 0x000000006d762000 	D:\MyEclipse 2016\binary\com.sun.java.jdk8.win32.x86_64_1.8.0.u66\jre\bin\msvcr100.dll
0x000000006ce00000 - 0x000000006d689000 	D:\MyEclipse 2016\binary\com.sun.java.jdk8.win32.x86_64_1.8.0.u66\jre\bin\server\jvm.dll
0x00007ffc907c0000 - 0x00007ffc907c9000 	C:\Windows\SYSTEM32\WSOCK32.dll
0x00007ffc91210000 - 0x00007ffc91232000 	C:\Windows\SYSTEM32\WINMM.dll
0x00007ffc923a0000 - 0x00007ffc923aa000 	C:\Windows\SYSTEM32\VERSION.dll
0x00007ffc98870000 - 0x00007ffc98877000 	C:\Windows\system32\PSAPI.DLL
0x00007ffc9a150000 - 0x00007ffc9a1aa000 	C:\Windows\system32\WS2_32.dll
0x00007ffc90cc0000 - 0x00007ffc90cea000 	C:\Windows\SYSTEM32\WINMMBASE.dll
0x00007ffc984f0000 - 0x00007ffc984f9000 	C:\Windows\system32\NSI.dll
0x00007ffc98320000 - 0x00007ffc9836f000 	C:\Windows\SYSTEM32\cfgmgr32.dll
0x00007ffc96ac0000 - 0x00007ffc96ae8000 	C:\Windows\SYSTEM32\DEVOBJ.dll
0x000000006cdf0000 - 0x000000006cdff000 	D:\MyEclipse 2016\binary\com.sun.java.jdk8.win32.x86_64_1.8.0.u66\jre\bin\verify.dll
0x000000006cdc0000 - 0x000000006cde9000 	D:\MyEclipse 2016\binary\com.sun.java.jdk8.win32.x86_64_1.8.0.u66\jre\bin\java.dll
0x000000006cda0000 - 0x000000006cdb6000 	D:\MyEclipse 2016\binary\com.sun.java.jdk8.win32.x86_64_1.8.0.u66\jre\bin\zip.dll
0x00007ffc83b10000 - 0x00007ffc83b63000 	D:\Projects\TestDB\x64\Debug\TestDB.dll
0x00007ffc7af00000 - 0x00007ffc7af69000 	D:\Projects\TestDB\x64\Debug\libbson-1.0.dll
0x00007ffc75590000 - 0x00007ffc75669000 	D:\Projects\TestDB\x64\Debug\libmongoc-1.0.dll
0x00007ffc70f00000 - 0x00007ffc715ce000 	D:\Projects\TestDB\x64\Debug\mysqlcppconn.dll
0x00007ffc73600000 - 0x00007ffc736f6000 	C:\Windows\SYSTEM32\MSVCP140D.dll
0x00007ffc84290000 - 0x00007ffc842b2000 	C:\Windows\SYSTEM32\VCRUNTIME140D.dll
0x00007ffc70d40000 - 0x00007ffc70efb000 	C:\Windows\SYSTEM32\ucrtbased.dll
0x00007ffc94240000 - 0x00007ffc9424c000 	C:\Windows\SYSTEM32\Secur32.dll
0x00007ffc98090000 - 0x00007ffc9826f000 	C:\Windows\system32\CRYPT32.dll
0x00007ffc97a00000 - 0x00007ffc97a26000 	C:\Windows\SYSTEM32\bcrypt.dll
0x00007ffc97ef0000 - 0x00007ffc97f01000 	C:\Windows\system32\MSASN1.dll
0x00007ffc90e80000 - 0x00007ffc91009000 	C:\Windows\SYSTEM32\dbghelp.dll

VM Arguments:
jvm_args: -Dfile.encoding=Cp1252 
java_command: com.rest2.jni.ActiveDispatcher
java_class_path (initial): D:\Projects\java\MyEclipse 2016\Workspaces\RestNow2\WebRoot\WEB-INF\classes;D:\MyEclipse 2016\configuration\org.eclipse.osgi\62\0\.cp\lib\ri\2.2.6\jaxb-api.jar;D:\MyEclipse 2016\configuration\org.eclipse.osgi\62\0\.cp\lib\ri\2.2.6\jaxb-impl.jar;D:\MyEclipse 2016\configuration\org.eclipse.osgi\62\0\.cp\lib\ri\2.2.6\jaxb-xjc.jar;D:\MyEclipse 2016\plugins\com.genuitec.eclipse.j2eedt.core_13.0.0.me201605020208\data\libraryset\EE_6\bean-validator.jar;D:\MyEclipse 2016\plugins\com.genuitec.eclipse.j2eedt.core_13.0.0.me201605020208\data\libraryset\EE_6\javax.annotation.jar;D:\MyEclipse 2016\plugins\com.genuitec.eclipse.j2eedt.core_13.0.0.me201605020208\data\libraryset\EE_6\javax.ejb.jar;D:\MyEclipse 2016\plugins\com.genuitec.eclipse.j2eedt.core_13.0.0.me201605020208\data\libraryset\EE_6\javax.enterprise.deploy.jar;D:\MyEclipse 2016\plugins\com.genuitec.eclipse.j2eedt.core_13.0.0.me201605020208\data\libraryset\EE_6\javax.jms.jar;D:\MyEclipse 2016\plugins\com.genuitec.eclipse.j2eedt.core_13.0.0.me201605020208\data\libraryset\EE_6\javax.management.j2ee.jar;D:\MyEclipse 2016\plugins\com.genuitec.eclipse.j2eedt.core_13.0.0.me201605020208\data\libraryset\EE_6\javax.persistence.jar;D:\MyEclipse 2016\plugins\com.genuitec.eclipse.j2eedt.core_13.0.0.me201605020208\data\libraryset\EE_6\javax.resource.jar;D:\MyEclipse 2016\plugins\com.genuitec.eclipse.j2eedt.core_13.0.0.me201605020208\data\libraryset\EE_6\javax.security.auth.message.jar;D:\MyEclipse 2016\plugins\com.genuitec.eclipse.j2eedt.core_13.0.0.me201605020208\data\libraryset\EE_6\javax.security.jacc.jar;D:\MyEclipse 2016\plugins\com.genuitec.eclipse.j2eedt.core_13.0.0.me201605020208\data\libraryset\EE_6\javax.servlet.jar;D:\MyEclipse 2016\plugins\com.genuitec.eclipse.j2eedt.core_13.0.0.me201605020208\data\libraryset\EE_6\javax.servlet.jsp.jar;D:\MyEclipse 2016\plugins\com.genuitec.eclipse.j2eedt.core_13.0.0.me201605020208\data\libraryset\EE_6\javax.transaction.jar;D:\MyEclipse 2016\plugins\com.genui
Launcher Type: SUN_STANDARD

Environment Variables:
JAVA_HOME=C:\Program Files\Java\jdk1.7.0_80
PATH=D:\depot_tools;D:\Python27\;D:\Python27\Scripts;C:\Program Files\iis express\PHP\v7.1;C:\Windows\system32;C:\Windows;C:\Windows\System32\Wbem;C:\Windows\System32\WindowsPowerShell\v1.0\;C:\Users\mm\.dnx\bin;C:\Program Files\Microsoft DNX\Dnvm\;C:\Program Files\Microsoft SQL Server\120\Tools\Binn\;C:\Program Files\Microsoft SQL Server\130\Tools\Binn\;C:\Program Files\MySQL\MySQL Utilities 1.6\;C:\Program Files (x86)\CMake\bin;D:\Program Files (x86)\PuTTY\;D:\WinSCP-X86\;C:\Windows\SysWOW64\WindowsPowerShell\v1.0\Modules\TShell\TShell\;C:\Program Files (x86)\Windows Kits\10\Windows Performance Toolkit\;C:\Program Files\Java\jdk1.7.0_80\bin;D:\Projects\TestDB\x64\Debug;
USERNAME=mm
OS=Windows_NT
PROCESSOR_IDENTIFIER=Intel64 Family 6 Model 37 Stepping 5, GenuineIntel



---------------  S Y S T E M  ---------------

OS: Windows 8.1 , 64 bit Build 9600 (6.3.9600.17415)

CPU:total 4 (2 cores per cpu, 2 threads per core) family 6 model 37 stepping 5, cmov, cx8, fxsr, mmx, sse, sse2, sse3, ssse3, sse4.1, sse4.2, popcnt, aes, clmul, ht, tsc, tscinvbit

Memory: 4k page, physical 4052836k(482180k free), swap 8511352k(1927228k free)

vm_info: Java HotSpot(TM) 64-Bit Server VM (25.66-b17) for windows-amd64 JRE (1.8.0_66-b17), built on Oct  6 2015 18:55:33 by "java_re" with MS VC++ 10.0 (VS2010)

time: Tue Mar 28 00:09:09 2017
elapsed time: 0 seconds (0d 0h 0m 0s)

