#
# A fatal error has been detected by the Java Runtime Environment:
#
#  EXCEPTION_ACCESS_VIOLATION (0xc0000005) at pc=0x000000006cf438de, pid=4396, tid=2752
#
# JRE version: Java(TM) SE Runtime Environment (8.0_66-b17) (build 1.8.0_66-b17)
# Java VM: Java HotSpot(TM) 64-Bit Server VM (25.66-b17 mixed mode windows-amd64 compressed oops)
# Problematic frame:
# V  [jvm.dll+0x1438de]
#
# Failed to write core dump. Minidumps are not enabled by default on client versions of Windows
#
# If you would like to submit a bug report, please visit:
#   http://bugreport.java.com/bugreport/crash.jsp
#

---------------  T H R E A D  ---------------

Current thread (0x0000000001c2e800):  JavaThread "main" [_thread_in_vm, id=2752, stack(0x0000000001c40000,0x0000000001d40000)]

siginfo: ExceptionCode=0xc0000005, reading address 0x000000000000000d

Registers:
RAX=0x000000000000000c, RBX=0x0000000001c2e800, RCX=0x0000000001c2e800, RDX=0x00000000eb741ea0
RSP=0x0000000001d3ee70, RBP=0x0000000000000000, RSI=0x0000000000000000, RDI=0x0000000000000001
R8 =0x0000000000000000, R9 =0x0000000000000a11, R10=0x0000000001c2e800, R11=0x0000000001d3eec0
R12=0x0000000000000000, R13=0x0000000013e40480, R14=0x0000000001d3f328, R15=0x0000000001c2e800
RIP=0x000000006cf438de, EFLAGS=0x0000000000010202

Top of Stack: (sp=0x0000000001d3ee70)
0x0000000001d3ee70:   0000000000000001 000000006cf45725
0x0000000001d3ee80:   0000000001d3f328 0000000001c2e800
0x0000000001d3ee90:   0000000001c2e800 0000000001d434a0
0x0000000001d3eea0:   0000000000000a11 000000006d3fc580
0x0000000001d3eeb0:   0000000001c2e800 0000000001d434a0
0x0000000001d3eec0:   0000000000000a11 000000006d3fc580
0x0000000001d3eed0:   0000000001d3f328 0000000000200021
0x0000000001d3eee0:   0000000000200021 00007ffc7b3e8839
0x0000000001d3eef0:   0000000001d3ef10 0000000001d3efd8
0x0000000001d3ef00:   cccccccccccccccc 0000000013e40480
0x0000000001d3ef10:   cccccccccccccccc cccccccccccccccc
0x0000000001d3ef20:   cccccccccccccccc cccccccccccccccc
0x0000000001d3ef30:   cccccccccccccccc cccccccccccccccc
0x0000000001d3ef40:   cccccccccccccccc cccccccccccccccc
0x0000000001d3ef50:   cccccccccccccccc cccccccccccccccc
0x0000000001d3ef60:   cccccccccccccccc cccccccccccccccc 

Instructions: (pc=0x000000006cf438de)
0x000000006cf438be:   08 74 0a 48 8d 4c 24 20 e8 f5 5a 13 00 40 38 35
0x000000006cf438ce:   9e c9 6b 00 48 8b 3f 48 63 05 a0 43 6a 00 74 1b
0x000000006cf438de:   8b 0c 38 85 c9 74 7c 8b c1 8b 0d 93 1e 65 00 48
0x000000006cf438ee:   d3 e0 48 03 05 81 1e 65 00 eb 04 48 8b 04 38 48 


Register to memory mapping:

RAX=0x000000000000000c is an unknown value
RBX=0x0000000001c2e800 is a thread
RCX=0x0000000001c2e800 is a thread
RDX=0x00000000eb741ea0 is an oop
java.lang.NoSuchFieldError 
 - klass: 'java/lang/NoSuchFieldError'
RSP=0x0000000001d3ee70 is pointing into the stack for thread: 0x0000000001c2e800
RBP=0x0000000000000000 is an unknown value
RSI=0x0000000000000000 is an unknown value
RDI=0x0000000000000001 is an unknown value
R8 =0x0000000000000000 is an unknown value
R9 =0x0000000000000a11 is an unknown value
R10=0x0000000001c2e800 is a thread
R11=0x0000000001d3eec0 is pointing into the stack for thread: 0x0000000001c2e800
R12=0x0000000000000000 is an unknown value
R13={method} {0x0000000013e40488} 'createRecords' '(Ljava/lang/String;)I' in 'com/rest2/jni/ActiveDispatcher'
R14=0x0000000001d3f328 is pointing into the stack for thread: 0x0000000001c2e800
R15=0x0000000001c2e800 is a thread


Stack: [0x0000000001c40000,0x0000000001d40000],  sp=0x0000000001d3ee70,  free space=1019k
Native frames: (J=compiled Java code, j=interpreted, Vv=VM code, C=native code)

Java frames: (J=compiled Java code, j=interpreted, Vv=VM code)
j  com.rest2.jni.ActiveDispatcher.createRecords(Ljava/lang/String;)I+0
j  com.rest2.jni.ActiveDispatcher.main([Ljava/lang/String;)V+16
v  ~StubRoutines::call_stub

---------------  P R O C E S S  ---------------

Java Threads: ( => current thread )
  0x000000001443e800 JavaThread "Service Thread" daemon [_thread_blocked, id=8144, stack(0x0000000016120000,0x0000000016220000)]
  0x00000000143ec800 JavaThread "C1 CompilerThread2" daemon [_thread_blocked, id=4548, stack(0x0000000015c20000,0x0000000015d20000)]
  0x00000000143e9000 JavaThread "C2 CompilerThread1" daemon [_thread_blocked, id=9808, stack(0x0000000015b20000,0x0000000015c20000)]
  0x00000000143df800 JavaThread "C2 CompilerThread0" daemon [_thread_blocked, id=7736, stack(0x0000000015a20000,0x0000000015b20000)]
  0x00000000143de000 JavaThread "Attach Listener" daemon [_thread_blocked, id=7548, stack(0x0000000015920000,0x0000000015a20000)]
  0x00000000143dd000 JavaThread "Signal Dispatcher" daemon [_thread_blocked, id=352, stack(0x0000000015820000,0x0000000015920000)]
  0x0000000001e39000 JavaThread "Finalizer" daemon [_thread_blocked, id=4144, stack(0x0000000015630000,0x0000000015730000)]
  0x0000000001e2f000 JavaThread "Reference Handler" daemon [_thread_blocked, id=5400, stack(0x0000000015530000,0x0000000015630000)]
=>0x0000000001c2e800 JavaThread "main" [_thread_in_vm, id=2752, stack(0x0000000001c40000,0x0000000001d40000)]

Other Threads:
  0x00000000143a5800 VMThread [stack: 0x0000000015430000,0x0000000015530000] [id=10216]
  0x0000000015d6a800 WatcherThread [stack: 0x0000000016220000,0x0000000016320000] [id=4612]

VM state:not at safepoint (normal execution)

VM Mutex/Monitor currently owned by a thread: None

Heap:
 PSYoungGen      total 18432K, used 1587K [0x00000000eb600000, 0x00000000eca80000, 0x0000000100000000)
  eden space 15872K, 10% used [0x00000000eb600000,0x00000000eb78ce88,0x00000000ec580000)
  from space 2560K, 0% used [0x00000000ec800000,0x00000000ec800000,0x00000000eca80000)
  to   space 2560K, 0% used [0x00000000ec580000,0x00000000ec580000,0x00000000ec800000)
 ParOldGen       total 42496K, used 0K [0x00000000c2200000, 0x00000000c4b80000, 0x00000000eb600000)
  object space 42496K, 0% used [0x00000000c2200000,0x00000000c2200000,0x00000000c4b80000)
 Metaspace       used 2591K, capacity 4486K, committed 4864K, reserved 1056768K
  class space    used 282K, capacity 386K, committed 512K, reserved 1048576K

Card table byte_map: [0x0000000011200000,0x00000000113f0000] byte_map_base: 0x0000000010bef000

Marking Bits: (ParMarkBitMap*) 0x000000006d60a5b0
 Begin Bits: [0x0000000011940000, 0x00000000128b8000)
 End Bits:   [0x00000000128b8000, 0x0000000013830000)

Polling page: 0x0000000001bf0000

CodeCache: size=245760Kb used=1115Kb max_used=1115Kb free=244644Kb
 bounds [0x0000000001e40000, 0x00000000020b0000, 0x0000000010e40000]
 total_blobs=265 nmethods=34 adapters=145
 compilation: enabled

Compilation events (10 events):
Event: 0.585 Thread 0x00000000143ec800   30       3       java.lang.AbstractStringBuilder::append (50 bytes)
Event: 0.587 Thread 0x00000000143ec800 nmethod 30 0x0000000001f53bd0 code [0x0000000001f53d60, 0x0000000001f54268]
Event: 0.595 Thread 0x00000000143ec800   31       3       java.lang.String::equals (81 bytes)
Event: 0.596 Thread 0x00000000143ec800 nmethod 31 0x0000000001f54c50 code [0x0000000001f54de0, 0x0000000001f55330]
Event: 0.606 Thread 0x00000000143ec800   32       3       java.lang.StringBuilder::append (8 bytes)
Event: 0.607 Thread 0x00000000143ec800 nmethod 32 0x0000000001f55510 code [0x0000000001f55680, 0x0000000001f55808]
Event: 0.613 Thread 0x00000000143ec800   33       3       java.io.WinNTFileSystem::normalize (143 bytes)
Event: 0.616 Thread 0x00000000143ec800 nmethod 33 0x0000000001f55890 code [0x0000000001f55a80, 0x0000000001f562a8]
Event: 0.616 Thread 0x00000000143ec800   34       3       java.lang.String::substring (79 bytes)
Event: 0.617 Thread 0x00000000143ec800 nmethod 34 0x0000000001f56650 code [0x0000000001f56800, 0x0000000001f56c98]

GC Heap History (0 events):
No events

Deoptimization events (0 events):
No events

Internal exceptions (3 events):
Event: 0.339 Thread 0x0000000001c2e800 Exception <a 'java/lang/NoSuchMethodError': Method sun.misc.Unsafe.defineClass(Ljava/lang/String;[BII)Ljava/lang/Class; name or signature does not match> (0x00000000eb60f910) thrown at [C:\re\workspace\8-2-build-windows-amd64-cygwin\jdk8u66\4988\hotspot\srºš)Î½Õ?
Event: 0.340 Thread 0x0000000001c2e800 Exception <a 'java/lang/NoSuchMethodError': Method sun.misc.Unsafe.prefetchRead(Ljava/lang/Object;J)V name or signature does not match> (0x00000000eb60fbf8) thrown at [C:\re\workspace\8-2-build-windows-amd64-cygwin\jdk8u66\4988\hotspot\src\share\vm\prims\j¡)ámæ?
Event: 0.701 Thread 0x0000000001c2e800 Exception <a 'java/lang/NoSuchFieldError': m_dburl> (0x00000000eb741ea0) thrown at [C:\re\workspace\8-2-build-windows-amd64-cygwin\jdk8u66\4988\hotspot\src\share\vm\prims\jni.cpp, line 2577]

Events (10 events):
Event: 0.608 loading class sun/launcher/LauncherHelper$FXHelper
Event: 0.608 loading class sun/launcher/LauncherHelper$FXHelper done
Event: 0.608 loading class java/lang/Class$MethodArray
Event: 0.608 loading class java/lang/Class$MethodArray done
Event: 0.609 loading class java/lang/Void
Event: 0.610 loading class java/lang/Void done
Event: 0.610 loading class java/lang/ClassLoaderHelper
Event: 0.610 loading class java/lang/ClassLoaderHelper done
Event: 0.700 loading class java/lang/NoSuchFieldError
Event: 0.701 loading class java/lang/NoSuchFieldError done


Dynamic libraries:
0x00007ff7f8e70000 - 0x00007ff7f8ea7000 	D:\MyEclipse 2016\binary\com.sun.java.jdk8.win32.x86_64_1.8.0.u66\bin\javaw.exe
0x00007ffc9ad20000 - 0x00007ffc9aecd000 	C:\Windows\SYSTEM32\ntdll.dll
0x00007ffc983a0000 - 0x00007ffc984de000 	C:\Windows\system32\KERNEL32.DLL
0x00007ffc97f70000 - 0x00007ffc98085000 	C:\Windows\system32\KERNELBASE.dll
0x00007ffc96860000 - 0x00007ffc968ee000 	C:\Windows\system32\apphelp.dll
0x00007ffc7b4b0000 - 0x00007ffc7b503000 	C:\Windows\AppPatch\AppPatch64\AcGenral.DLL
0x00007ffc986b0000 - 0x00007ffc9875a000 	C:\Windows\system32\msvcrt.dll
0x00007ffc98370000 - 0x00007ffc9839e000 	C:\Windows\system32\SspiCli.dll
0x00007ffc98a20000 - 0x00007ffc98a74000 	C:\Windows\system32\SHLWAPI.dll
0x00007ffc98a80000 - 0x00007ffc98bf7000 	C:\Windows\system32\USER32.dll
0x00007ffc98880000 - 0x00007ffc98a14000 	C:\Windows\system32\ole32.dll
0x00007ffc98c00000 - 0x00007ffc9a128000 	C:\Windows\system32\SHELL32.dll
0x00007ffc97600000 - 0x00007ffc97621000 	C:\Windows\SYSTEM32\USERENV.dll
0x00007ffc987c0000 - 0x00007ffc9886a000 	C:\Windows\system32\ADVAPI32.dll
0x00007ffc82db0000 - 0x00007ffc82dce000 	C:\Windows\SYSTEM32\MPR.dll
0x00007ffc9aa50000 - 0x00007ffc9ab90000 	C:\Windows\system32\RPCRT4.dll
0x00007ffc98760000 - 0x00007ffc987b9000 	C:\Windows\SYSTEM32\sechost.dll
0x00007ffc9a830000 - 0x00007ffc9aa41000 	C:\Windows\SYSTEM32\combase.dll
0x00007ffc98560000 - 0x00007ffc986af000 	C:\Windows\system32\GDI32.dll
0x00007ffc97e40000 - 0x00007ffc97e55000 	C:\Windows\SYSTEM32\profapi.dll
0x00007ffc95660000 - 0x00007ffc95712000 	C:\Windows\SYSTEM32\SHCORE.dll
0x00007ffc9ab90000 - 0x00007ffc9abc6000 	C:\Windows\system32\IMM32.DLL
0x00007ffc9a390000 - 0x00007ffc9a4e2000 	C:\Windows\system32\MSCTF.dll
0x00007ffc94eb0000 - 0x00007ffc9512b000 	C:\Windows\WinSxS\amd64_microsoft.windows.common-controls_6595b64144ccf1df_6.0.9600.18006_none_623f33d3ecbe86e8\COMCTL32.dll
0x000000006d690000 - 0x000000006d762000 	D:\MyEclipse 2016\binary\com.sun.java.jdk8.win32.x86_64_1.8.0.u66\jre\bin\msvcr100.dll
0x000000006ce00000 - 0x000000006d689000 	D:\MyEclipse 2016\binary\com.sun.java.jdk8.win32.x86_64_1.8.0.u66\jre\bin\server\jvm.dll
0x00007ffc907c0000 - 0x00007ffc907c9000 	C:\Windows\SYSTEM32\WSOCK32.dll
0x00007ffc91210000 - 0x00007ffc91232000 	C:\Windows\SYSTEM32\WINMM.dll
0x00007ffc923a0000 - 0x00007ffc923aa000 	C:\Windows\SYSTEM32\VERSION.dll
0x00007ffc98870000 - 0x00007ffc98877000 	C:\Windows\system32\PSAPI.DLL
0x00007ffc9a150000 - 0x00007ffc9a1aa000 	C:\Windows\system32\WS2_32.dll
0x00007ffc90cc0000 - 0x00007ffc90cea000 	C:\Windows\SYSTEM32\WINMMBASE.dll
0x00007ffc984f0000 - 0x00007ffc984f9000 	C:\Windows\system32\NSI.dll
0x00007ffc98320000 - 0x00007ffc9836f000 	C:\Windows\SYSTEM32\cfgmgr32.dll
0x00007ffc96ac0000 - 0x00007ffc96ae8000 	C:\Windows\SYSTEM32\DEVOBJ.dll
0x000000006cdf0000 - 0x000000006cdff000 	D:\MyEclipse 2016\binary\com.sun.java.jdk8.win32.x86_64_1.8.0.u66\jre\bin\verify.dll
0x000000006cdc0000 - 0x000000006cde9000 	D:\MyEclipse 2016\binary\com.sun.java.jdk8.win32.x86_64_1.8.0.u66\jre\bin\java.dll
0x000000006cda0000 - 0x000000006cdb6000 	D:\MyEclipse 2016\binary\com.sun.java.jdk8.win32.x86_64_1.8.0.u66\jre\bin\zip.dll
0x00007ffc7b3d0000 - 0x00007ffc7b427000 	D:\Projects\TestDB\x64\Debug\TestDB.dll
0x00007ffc7b360000 - 0x00007ffc7b3c9000 	D:\Projects\TestDB\x64\Debug\libbson-1.0.dll
0x00007ffc7b280000 - 0x00007ffc7b359000 	D:\Projects\TestDB\x64\Debug\libmongoc-1.0.dll
0x00007ffc7abb0000 - 0x00007ffc7b27e000 	D:\Projects\TestDB\x64\Debug\mysqlcppconn.dll
0x00007ffc7aab0000 - 0x00007ffc7aba6000 	C:\Windows\SYSTEM32\MSVCP140D.dll
0x00007ffc841d0000 - 0x00007ffc841f2000 	C:\Windows\SYSTEM32\VCRUNTIME140D.dll
0x00007ffc79b60000 - 0x00007ffc79d1b000 	C:\Windows\SYSTEM32\ucrtbased.dll
0x00007ffc94240000 - 0x00007ffc9424c000 	C:\Windows\SYSTEM32\Secur32.dll
0x00007ffc98090000 - 0x00007ffc9826f000 	C:\Windows\system32\CRYPT32.dll
0x00007ffc97a00000 - 0x00007ffc97a26000 	C:\Windows\SYSTEM32\bcrypt.dll
0x00007ffc97ef0000 - 0x00007ffc97f01000 	C:\Windows\system32\MSASN1.dll
0x00007ffc90e80000 - 0x00007ffc91009000 	C:\Windows\SYSTEM32\dbghelp.dll

VM Arguments:
jvm_args: -Dfile.encoding=Cp1252 
java_command: com.rest2.jni.ActiveDispatcher
java_class_path (initial): D:\Projects\java\MyEclipse 2016\Workspaces\RestNow2\WebRoot\WEB-INF\classes;D:\MyEclipse 2016\configuration\org.eclipse.osgi\62\0\.cp\lib\ri\2.2.6\jaxb-api.jar;D:\MyEclipse 2016\configuration\org.eclipse.osgi\62\0\.cp\lib\ri\2.2.6\jaxb-impl.jar;D:\MyEclipse 2016\configuration\org.eclipse.osgi\62\0\.cp\lib\ri\2.2.6\jaxb-xjc.jar;D:\MyEclipse 2016\plugins\com.genuitec.eclipse.j2eedt.core_13.0.0.me201605020208\data\libraryset\EE_6\bean-validator.jar;D:\MyEclipse 2016\plugins\com.genuitec.eclipse.j2eedt.core_13.0.0.me201605020208\data\libraryset\EE_6\javax.annotation.jar;D:\MyEclipse 2016\plugins\com.genuitec.eclipse.j2eedt.core_13.0.0.me201605020208\data\libraryset\EE_6\javax.ejb.jar;D:\MyEclipse 2016\plugins\com.genuitec.eclipse.j2eedt.core_13.0.0.me201605020208\data\libraryset\EE_6\javax.enterprise.deploy.jar;D:\MyEclipse 2016\plugins\com.genuitec.eclipse.j2eedt.core_13.0.0.me201605020208\data\libraryset\EE_6\javax.jms.jar;D:\MyEclipse 2016\plugins\com.genuitec.eclipse.j2eedt.core_13.0.0.me201605020208\data\libraryset\EE_6\javax.management.j2ee.jar;D:\MyEclipse 2016\plugins\com.genuitec.eclipse.j2eedt.core_13.0.0.me201605020208\data\libraryset\EE_6\javax.persistence.jar;D:\MyEclipse 2016\plugins\com.genuitec.eclipse.j2eedt.core_13.0.0.me201605020208\data\libraryset\EE_6\javax.resource.jar;D:\MyEclipse 2016\plugins\com.genuitec.eclipse.j2eedt.core_13.0.0.me201605020208\data\libraryset\EE_6\javax.security.auth.message.jar;D:\MyEclipse 2016\plugins\com.genuitec.eclipse.j2eedt.core_13.0.0.me201605020208\data\libraryset\EE_6\javax.security.jacc.jar;D:\MyEclipse 2016\plugins\com.genuitec.eclipse.j2eedt.core_13.0.0.me201605020208\data\libraryset\EE_6\javax.servlet.jar;D:\MyEclipse 2016\plugins\com.genuitec.eclipse.j2eedt.core_13.0.0.me201605020208\data\libraryset\EE_6\javax.servlet.jsp.jar;D:\MyEclipse 2016\plugins\com.genuitec.eclipse.j2eedt.core_13.0.0.me201605020208\data\libraryset\EE_6\javax.transaction.jar;D:\MyEclipse 2016\plugins\com.genui
Launcher Type: SUN_STANDARD

Environment Variables:
JAVA_HOME=C:\Program Files\Java\jdk1.7.0_80
PATH=D:\depot_tools;D:\Python27\;D:\Python27\Scripts;C:\Program Files\iis express\PHP\v7.1;C:\Windows\system32;C:\Windows;C:\Windows\System32\Wbem;C:\Windows\System32\WindowsPowerShell\v1.0\;C:\Users\mm\.dnx\bin;C:\Program Files\Microsoft DNX\Dnvm\;C:\Program Files\Microsoft SQL Server\120\Tools\Binn\;C:\Program Files\Microsoft SQL Server\130\Tools\Binn\;C:\Program Files\MySQL\MySQL Utilities 1.6\;C:\Program Files (x86)\CMake\bin;D:\Program Files (x86)\PuTTY\;D:\WinSCP-X86\;C:\Windows\SysWOW64\WindowsPowerShell\v1.0\Modules\TShell\TShell\;C:\Program Files (x86)\Windows Kits\10\Windows Performance Toolkit\;C:\Program Files\Java\jdk1.7.0_80\bin;D:\Projects\TestDB\x64\Debug;
USERNAME=mm
OS=Windows_NT
PROCESSOR_IDENTIFIER=Intel64 Family 6 Model 37 Stepping 5, GenuineIntel



---------------  S Y S T E M  ---------------

OS: Windows 8.1 , 64 bit Build 9600 (6.3.9600.17415)

CPU:total 4 (2 cores per cpu, 2 threads per core) family 6 model 37 stepping 5, cmov, cx8, fxsr, mmx, sse, sse2, sse3, ssse3, sse4.1, sse4.2, popcnt, aes, clmul, ht, tsc, tscinvbit

Memory: 4k page, physical 4052836k(857664k free), swap 8511352k(2417836k free)

vm_info: Java HotSpot(TM) 64-Bit Server VM (25.66-b17) for windows-amd64 JRE (1.8.0_66-b17), built on Oct  6 2015 18:55:33 by "java_re" with MS VC++ 10.0 (VS2010)

time: Mon Mar 27 19:59:25 2017
elapsed time: 0 seconds (0d 0h 0m 0s)

